#
# There is insufficient memory for the Java Runtime Environment to continue.
# Native memory allocation (malloc) failed to allocate 480104 bytes for AllocateHeap
# Possible reasons:
#   The system is out of physical RAM or swap space
#   The process is running with CompressedOops enabled, and the Java Heap may be blocking the growth of the native heap
# Possible solutions:
#   Reduce memory load on the system
#   Increase physical memory or swap space
#   Check if swap backing store is full
#   Decrease Java heap size (-Xmx/-Xms)
#   Decrease number of Java threads
#   Decrease Java thread stack sizes (-Xss)
#   Set larger code cache with -XX:ReservedCodeCacheSize=
#   JVM is running with Unscaled Compressed Oops mode in which the Java heap is
#     placed in the first 4GB address space. The Java Heap base address is the
#     maximum limit for the native heap growth. Please use -XX:HeapBaseMinAddress
#     to set the Java Heap base and to place the Java Heap above 4GB virtual address.
# This output file may be truncated or incomplete.
#
#  Out of Memory Error (memory/allocation.inline.hpp:61), pid=7036, tid=0x00000000000024a4
#
# JRE version:  (8.0_251-b08) (build )
# Java VM: Java HotSpot(TM) 64-Bit Server VM (25.251-b08 mixed mode windows-amd64 compressed oops)
# Failed to write core dump. Minidumps are not enabled by default on client versions of Windows
#

---------------  T H R E A D  ---------------

Current thread (0x0000000003324800):  JavaThread "Unknown thread" [_thread_in_vm, id=9380, stack(0x00000000031f0000,0x00000000032f0000)]

Stack: [0x00000000031f0000,0x00000000032f0000]
[error occurred during error reporting (printing stack bounds), id 0xc0000005]

Native frames: (J=compiled Java code, j=interpreted, Vv=VM code, C=native code)


---------------  P R O C E S S  ---------------

Java Threads: ( => current thread )

Other Threads:

=>0x0000000003324800 (exited) JavaThread "Unknown thread" [_thread_in_vm, id=9380, stack(0x00000000031f0000,0x00000000032f0000)]

VM state:not at safepoint (not fully initialized)

VM Mutex/Monitor currently owned by a thread: None

heap address: 0x00000000c3000000, size: 976 MB, Compressed Oops mode: 32-bit
Narrow klass base: 0x0000000000000000, Narrow klass shift: 3
Compressed class space size: 1073741824 Address: 0x0000000100000000

GC Heap History (0 events):
No events

Deoptimization events (0 events):
No events

Classes redefined (0 events):
No events

Internal exceptions (0 events):
No events

Events (0 events):
No events


Dynamic libraries:
0x00007ff756b20000 - 0x00007ff756b57000 	C:\Program Files\Java\jdk1.8.0_251\bin\javaw.exe
0x00007ffc0c900000 - 0x00007ffc0caf0000 	C:\WINDOWS\SYSTEM32\ntdll.dll
0x00007ffc0adf0000 - 0x00007ffc0aea2000 	C:\WINDOWS\System32\KERNEL32.DLL
0x00007ffc0a380000 - 0x00007ffc0a625000 	C:\WINDOWS\System32\KERNELBASE.dll
0x00007ffc0b780000 - 0x00007ffc0b823000 	C:\WINDOWS\System32\ADVAPI32.dll
0x00007ffc0ad20000 - 0x00007ffc0adbe000 	C:\WINDOWS\System32\msvcrt.dll
0x00007ffc0b360000 - 0x00007ffc0b3f7000 	C:\WINDOWS\System32\sechost.dll
0x00007ffc0a9b0000 - 0x00007ffc0aad0000 	C:\WINDOWS\System32\RPCRT4.dll
0x00007ffc0b1c0000 - 0x00007ffc0b354000 	C:\WINDOWS\System32\USER32.dll
0x00007ffc0a980000 - 0x00007ffc0a9a1000 	C:\WINDOWS\System32\win32u.dll
0x00007ffc0adc0000 - 0x00007ffc0ade6000 	C:\WINDOWS\System32\GDI32.dll
0x00007ffc0a7e0000 - 0x00007ffc0a976000 	C:\WINDOWS\System32\gdi32full.dll
0x00007ffc0a2e0000 - 0x00007ffc0a37e000 	C:\WINDOWS\System32\msvcp_win.dll
0x00007ffc0a6b0000 - 0x00007ffc0a7aa000 	C:\WINDOWS\System32\ucrtbase.dll
0x00007ffbf7560000 - 0x00007ffbf77e4000 	C:\WINDOWS\WinSxS\amd64_microsoft.windows.common-controls_6595b64144ccf1df_6.0.18362.1139_none_9e7bf2d3e4605ac6\COMCTL32.dll
0x00007ffc0c4d0000 - 0x00007ffc0c805000 	C:\WINDOWS\System32\combase.dll
0x00007ffc0a630000 - 0x00007ffc0a6b0000 	C:\WINDOWS\System32\bcryptPrimitives.dll
0x00007ffc0b620000 - 0x00007ffc0b64e000 	C:\WINDOWS\System32\IMM32.DLL
0x0000000073e40000 - 0x0000000073f12000 	C:\Program Files\Java\jdk1.8.0_251\jre\bin\msvcr100.dll
0x0000000072dd0000 - 0x000000007367b000 	C:\Program Files\Java\jdk1.8.0_251\jre\bin\server\jvm.dll
0x00007ffc0b060000 - 0x00007ffc0b068000 	C:\WINDOWS\System32\PSAPI.DLL
0x00007ffbd0ca0000 - 0x00007ffbd0ca9000 	C:\WINDOWS\SYSTEM32\WSOCK32.dll
0x00007ffbf6ed0000 - 0x00007ffbf6ef4000 	C:\WINDOWS\SYSTEM32\WINMM.dll
0x00007ffc08950000 - 0x00007ffc0895a000 	C:\WINDOWS\SYSTEM32\VERSION.dll
0x00007ffc0b130000 - 0x00007ffc0b19f000 	C:\WINDOWS\System32\WS2_32.dll
0x00007ffbfcca0000 - 0x00007ffbfcccd000 	C:\WINDOWS\SYSTEM32\winmmbase.dll
0x00007ffc09890000 - 0x00007ffc098da000 	C:\WINDOWS\System32\cfgmgr32.dll
0x00007ffc02480000 - 0x00007ffc0248f000 	C:\Program Files\Java\jdk1.8.0_251\jre\bin\verify.dll
0x00007ffbf5310000 - 0x00007ffbf5339000 	C:\Program Files\Java\jdk1.8.0_251\jre\bin\java.dll
0x00007ffc00e10000 - 0x00007ffc00e26000 	C:\Program Files\Java\jdk1.8.0_251\jre\bin\zip.dll

VM Arguments:
jvm_args: -Dcom.sun.management.jmxremote -Dcom.sun.management.jmxremote.port=52923 -Dcom.sun.management.jmxremote.authenticate=false -Dcom.sun.management.jmxremote.ssl=false -Djava.rmi.server.hostname=localhost -Dspring.jmx.enabled=true -Dspring.application.admin.enabled=true -Xverify:none -XX:TieredStopAtLevel=1 -Dspring.boot.project.name=SpringSample -Dfile.encoding=UTF-8 
java_command: com.example.demo.SpringSampleApplication
java_class_path (initial): C:\Users\ls258\eclipse-workspace\SpringSample\target\classes;C:\Users\ls258\.m2\repository\org\springframework\boot\spring-boot-starter-data-jdbc\2.3.4.RELEASE\spring-boot-starter-data-jdbc-2.3.4.RELEASE.jar;C:\Users\ls258\.m2\repository\org\springframework\boot\spring-boot-starter-jdbc\2.3.4.RELEASE\spring-boot-starter-jdbc-2.3.4.RELEASE.jar;C:\Users\ls258\.m2\repository\com\zaxxer\HikariCP\3.4.5\HikariCP-3.4.5.jar;C:\Users\ls258\.m2\repository\org\springframework\spring-jdbc\5.2.9.RELEASE\spring-jdbc-5.2.9.RELEASE.jar;C:\Users\ls258\.m2\repository\org\springframework\data\spring-data-jdbc\2.0.4.RELEASE\spring-data-jdbc-2.0.4.RELEASE.jar;C:\Users\ls258\.m2\repository\org\springframework\data\spring-data-relational\2.0.4.RELEASE\spring-data-relational-2.0.4.RELEASE.jar;C:\Users\ls258\.m2\repository\org\springframework\data\spring-data-commons\2.3.4.RELEASE\spring-data-commons-2.3.4.RELEASE.jar;C:\Users\ls258\.m2\repository\org\springframework\spring-tx\5.2.9.RELEASE\spring-tx-5.2.9.RELEASE.jar;C:\Users\ls258\.m2\repository\org\springframework\spring-context\5.2.9.RELEASE\spring-context-5.2.9.RELEASE.jar;C:\Users\ls258\.m2\repository\org\springframework\spring-beans\5.2.9.RELEASE\spring-beans-5.2.9.RELEASE.jar;C:\Users\ls258\.m2\repository\org\slf4j\slf4j-api\1.7.30\slf4j-api-1.7.30.jar;C:\Users\ls258\.m2\repository\org\springframework\boot\spring-boot-starter-thymeleaf\2.3.4.RELEASE\spring-boot-starter-thymeleaf-2.3.4.RELEASE.jar;C:\Users\ls258\.m2\repository\org\springframework\boot\spring-boot-starter\2.3.4.RELEASE\spring-boot-starter-2.3.4.RELEASE.jar;C:\Users\ls258\.m2\repository\org\springframework\boot\spring-boot-starter-logging\2.3.4.RELEASE\spring-boot-starter-logging-2.3.4.RELEASE.jar;C:\Users\ls258\.m2\repository\ch\qos\logback\logback-classic\1.2.3\logback-classic-1.2.3.jar;C:\Users\ls258\.m2\repository\ch\qos\logback\logback-core\1.2.3\logback-core-1.2.3.jar;C:\Users\ls258\.m2\repository\org\apache\logging\log4j\log4j-to-slf
Launcher Type: SUN_STANDARD

Environment Variables:
JAVA_HOME=C:\Program Files\Java\jdk1.8.0_251
PATH=C:/eclipse//plugins/org.eclipse.justj.openjdk.hotspot.jre.full.win32.x86_64_14.0.2.v20200815-0932/jre/bin/server;C:/eclipse//plugins/org.eclipse.justj.openjdk.hotspot.jre.full.win32.x86_64_14.0.2.v20200815-0932/jre/bin;C:\Program Files (x86)\Common Files\Oracle\Java\javapath;C:\Program Files (x86)\Intel\TXE Components\iCLS\;C:\Program Files\Intel\TXE Components\iCLS\;C:\WINDOWS\system32;C:\WINDOWS;C:\WINDOWS\System32\Wbem;C:\WINDOWS\System32\WindowsPowerShell\v1.0\;C:\WINDOWS\System32\OpenSSH\;C:\Program Files\Intel\TXE Components\DAL\;C:\Program Files (x86)\Intel\TXE Components\DAL\;C:\Program Files\Intel\TXE Components\IPT\;C:\Program Files (x86)\Intel\TXE Components\IPT\;C:\Program Files\Java\jdk1.8.0_251\bin;C:\Program Files\MySQL\MySQL Server 8.0\bin;C:\Program Files\Git\cmd;C:\Program Files\MySQL\MySQL Shell 8.0\bin\;C:\Users\ls258\AppData\Local\Microsoft\WindowsApps;;C:\eclipse;
USERNAME=ls258
OS=Windows_NT
PROCESSOR_IDENTIFIER=Intel64 Family 6 Model 122 Stepping 1, GenuineIntel



---------------  S Y S T E M  ---------------

OS: Windows 10.0 , 64 bit Build 18362 (10.0.18362.1110)

CPU:total 4 (initial active 4) (4 cores per cpu, 1 threads per core) family 6 model 122 stepping 1, cmov, cx8, fxsr, mmx, sse, sse2, sse3, ssse3, sse4.1, sse4.2, popcnt, aes, clmul, erms, 3dnowpref, tsc, tscinvbit

Memory: 4k page, physical 3995284k(498308k free), swap 8189588k(7168k free)

vm_info: Java HotSpot(TM) 64-Bit Server VM (25.251-b08) for windows-amd64 JRE (1.8.0_251-b08), built on Mar 12 2020 06:31:49 by "" with MS VC++ 10.0 (VS2010)

time: Sun Oct 18 21:36:15 2020
timezone: ìåãû (ïWèÄéû)
elapsed time: 0 seconds (0d 0h 0m 0s)

